{"synthetic": false,
 "outputs":
 {"o": ["12118194585354227007"],
  "i": "8041701143490940960",
  "c": "15098677007050150065"},
 "log":
 [{"message":
   ".> LEAN_PATH=C:\\Users\\jdlon\\OneDrive\\Documents\\physical_logic_framework\\lean\\.lake\\packages\\Cli\\.lake\\build\\lib\\lean;C:\\Users\\jdlon\\OneDrive\\Documents\\physical_logic_framework\\lean\\.lake\\packages\\batteries\\.lake\\build\\lib\\lean;C:\\Users\\jdlon\\OneDrive\\Documents\\physical_logic_framework\\lean\\.lake\\packages\\Qq\\.lake\\build\\lib\\lean;C:\\Users\\jdlon\\OneDrive\\Documents\\physical_logic_framework\\lean\\.lake\\packages\\aesop\\.lake\\build\\lib\\lean;C:\\Users\\jdlon\\OneDrive\\Documents\\physical_logic_framework\\lean\\.lake\\packages\\proofwidgets\\.lake\\build\\lib\\lean;C:\\Users\\jdlon\\OneDrive\\Documents\\physical_logic_framework\\lean\\.lake\\packages\\importGraph\\.lake\\build\\lib\\lean;C:\\Users\\jdlon\\OneDrive\\Documents\\physical_logic_framework\\lean\\.lake\\packages\\LeanSearchClient\\.lake\\build\\lib\\lean;C:\\Users\\jdlon\\OneDrive\\Documents\\physical_logic_framework\\lean\\.lake\\packages\\plausible\\.lake\\build\\lib\\lean;C:\\Users\\jdlon\\OneDrive\\Documents\\physical_logic_framework\\lean\\.lake\\packages\\mathlib\\.lake\\build\\lib\\lean;C:\\Users\\jdlon\\OneDrive\\Documents\\physical_logic_framework\\lean\\.lake\\build\\lib\\lean c:\\Users\\jdlon\\.elan\\toolchains\\leanprover--lean4---v4.23.0-rc2\\bin\\lean.exe C:\\Users\\jdlon\\OneDrive\\Documents\\physical_logic_framework\\lean\\LFT_Proofs\\PhysicalLogicFramework\\QuantumEmergence\\BellInequality_Fixed.lean -o C:\\Users\\jdlon\\OneDrive\\Documents\\physical_logic_framework\\lean\\.lake\\build\\lib\\lean\\PhysicalLogicFramework\\QuantumEmergence\\BellInequality_Fixed.olean -i C:\\Users\\jdlon\\OneDrive\\Documents\\physical_logic_framework\\lean\\.lake\\build\\lib\\lean\\PhysicalLogicFramework\\QuantumEmergence\\BellInequality_Fixed.ilean -c C:\\Users\\jdlon\\OneDrive\\Documents\\physical_logic_framework\\lean\\.lake\\build\\ir\\PhysicalLogicFramework\\QuantumEmergence\\BellInequality_Fixed.c --setup C:\\Users\\jdlon\\OneDrive\\Documents\\physical_logic_framework\\lean\\.lake\\build\\ir\\PhysicalLogicFramework\\QuantumEmergence\\BellInequality_Fixed.setup.json --json",
   "level": "trace"},
  {"message":
   "LFT_Proofs/PhysicalLogicFramework/QuantumEmergence/BellInequality_Fixed.lean:66:4: declaration uses 'sorry'",
   "level": "warning"},
  {"message":
   "LFT_Proofs/PhysicalLogicFramework/QuantumEmergence/BellInequality_Fixed.lean:132:4: declaration uses 'sorry'",
   "level": "warning"},
  {"message":
   "LFT_Proofs/PhysicalLogicFramework/QuantumEmergence/BellInequality_Fixed.lean:150:4: declaration uses 'sorry'",
   "level": "warning"},
  {"message":
   "LFT_Proofs/PhysicalLogicFramework/QuantumEmergence/BellInequality_Fixed.lean:177:8: declaration uses 'sorry'",
   "level": "warning"},
  {"message":
   "LFT_Proofs/PhysicalLogicFramework/QuantumEmergence/BellInequality_Fixed.lean:281:8: declaration uses 'sorry'",
   "level": "warning"},
  {"message":
   "LFT_Proofs/PhysicalLogicFramework/QuantumEmergence/BellInequality_Fixed.lean:323:8: declaration uses 'sorry'",
   "level": "warning"},
  {"message":
   "LFT_Proofs/PhysicalLogicFramework/QuantumEmergence/BellInequality_Fixed.lean:327:0: This line exceeds the 100 character limit, please shorten it!\n\nNote: This linter can be disabled with `set_option linter.style.longLine false`",
   "level": "warning"}],
 "inputs":
 [["PhysicalLogicFramework.QuantumEmergence.BellInequality_Fixed:deps",
   [["deps",
     [["PhysicalLogicFramework/PhysicalLogicFramework:extraDep",
       [["@PhysicalLogicFramework:extraDep", "1723"]]],
      ["imports",
       [["PhysicalLogicFramework.LogicField.Operator transitive imports (legacy)",
         "5423604748312005589"],
        ["PhysicalLogicFramework.LogicField.Operator:importAllArts",
         "3826387155664684845"],
        ["PhysicalLogicFramework.LogicField.ConstraintAccumulation transitive imports (legacy)",
         "10299437719302263378"],
        ["PhysicalLogicFramework.LogicField.ConstraintAccumulation:importAllArts",
         "14753883747400501741"],
        ["PhysicalLogicFramework.Foundations.ThreeFundamentalLaws transitive imports (legacy)",
         "563852324999231069"],
        ["PhysicalLogicFramework.Foundations.ThreeFundamentalLaws:importAllArts",
         "2609154114742361977"],
        ["PhysicalLogicFramework.Foundations.InformationSpace transitive imports (legacy)",
         "10597744576576296984"],
        ["PhysicalLogicFramework.Foundations.InformationSpace:importAllArts",
         "1558335000534038425"],
        ["Mathlib.MeasureTheory.Measure.MeasureSpace transitive imports (legacy)",
         "11940624416733092454"],
        ["Mathlib.MeasureTheory.Measure.MeasureSpace:importAllArts",
         "18104763352688114673"],
        ["Mathlib.Data.Real.Basic transitive imports (legacy)",
         "6683729138978161823"],
        ["Mathlib.Data.Real.Basic:importAllArts", "11021404097330920743"]]]]],
    ["libs",
     [["import dynlibs", "1723"],
      ["package external libraries", "1723"],
      ["module dynlibs", "1723"],
      ["module plugins", "1723"]]]]],
  ["Lean 4.23.0, commit ad1a017949674a947f0d6794cbf7130d642c6530",
   "2372534101328293747"],
  ["C:\\Users\\jdlon\\OneDrive\\Documents\\physical_logic_framework\\lean\\LFT_Proofs\\PhysicalLogicFramework\\QuantumEmergence\\BellInequality_Fixed.lean",
   "10070983710628771228"],
  ["options",
   [["-DmaxSynthPendingDepth=3", "14379489197236848084"],
    ["-Dweak.linter.mathlibStandardSet=true", "9949955268809796418"],
    ["-DrelaxedAutoImplicit=false", "8404479228809428608"],
    ["-Dpp.unicode.fun=true", "11210593074386665387"],
    ["-DautoImplicit=false", "5369888039164004816"]]],
  ["Module.leanArgs: #[]", "1723"]],
 "depHash": "12792321167950622714"}