{"synthetic": false,
 "outputs":
 {"o": ["1361834171911157178"],
  "i": "228289914345835549",
  "c": "4538418504760496171"},
 "log":
 [{"message":
   ".> LEAN_PATH=C:\\Users\\jdlon\\OneDrive\\Documents\\physical_logic_framework\\lean\\.lake\\packages\\Cli\\.lake\\build\\lib\\lean;C:\\Users\\jdlon\\OneDrive\\Documents\\physical_logic_framework\\lean\\.lake\\packages\\batteries\\.lake\\build\\lib\\lean;C:\\Users\\jdlon\\OneDrive\\Documents\\physical_logic_framework\\lean\\.lake\\packages\\Qq\\.lake\\build\\lib\\lean;C:\\Users\\jdlon\\OneDrive\\Documents\\physical_logic_framework\\lean\\.lake\\packages\\aesop\\.lake\\build\\lib\\lean;C:\\Users\\jdlon\\OneDrive\\Documents\\physical_logic_framework\\lean\\.lake\\packages\\proofwidgets\\.lake\\build\\lib\\lean;C:\\Users\\jdlon\\OneDrive\\Documents\\physical_logic_framework\\lean\\.lake\\packages\\importGraph\\.lake\\build\\lib\\lean;C:\\Users\\jdlon\\OneDrive\\Documents\\physical_logic_framework\\lean\\.lake\\packages\\LeanSearchClient\\.lake\\build\\lib\\lean;C:\\Users\\jdlon\\OneDrive\\Documents\\physical_logic_framework\\lean\\.lake\\packages\\plausible\\.lake\\build\\lib\\lean;C:\\Users\\jdlon\\OneDrive\\Documents\\physical_logic_framework\\lean\\.lake\\packages\\mathlib\\.lake\\build\\lib\\lean;C:\\Users\\jdlon\\OneDrive\\Documents\\physical_logic_framework\\lean\\.lake\\build\\lib\\lean c:\\Users\\jdlon\\.elan\\toolchains\\leanprover--lean4---v4.23.0-rc2\\bin\\lean.exe C:\\Users\\jdlon\\OneDrive\\Documents\\physical_logic_framework\\lean\\LFT_Proofs\\PhysicalLogicFramework\\QuantumEmergence\\HilbertSpace.lean -o C:\\Users\\jdlon\\OneDrive\\Documents\\physical_logic_framework\\lean\\.lake\\build\\lib\\lean\\PhysicalLogicFramework\\QuantumEmergence\\HilbertSpace.olean -i C:\\Users\\jdlon\\OneDrive\\Documents\\physical_logic_framework\\lean\\.lake\\build\\lib\\lean\\PhysicalLogicFramework\\QuantumEmergence\\HilbertSpace.ilean -c C:\\Users\\jdlon\\OneDrive\\Documents\\physical_logic_framework\\lean\\.lake\\build\\ir\\PhysicalLogicFramework\\QuantumEmergence\\HilbertSpace.c --setup C:\\Users\\jdlon\\OneDrive\\Documents\\physical_logic_framework\\lean\\.lake\\build\\ir\\PhysicalLogicFramework\\QuantumEmergence\\HilbertSpace.setup.json --json",
   "level": "trace"},
  {"message":
   "LFT_Proofs/PhysicalLogicFramework/QuantumEmergence/HilbertSpace.lean:85:0: This line exceeds the 100 character limit, please shorten it!\n\nNote: This linter can be disabled with `set_option linter.style.longLine false`",
   "level": "warning"},
  {"message":
   "LFT_Proofs/PhysicalLogicFramework/QuantumEmergence/HilbertSpace.lean:88:0: This line exceeds the 100 character limit, please shorten it!\n\nNote: This linter can be disabled with `set_option linter.style.longLine false`",
   "level": "warning"},
  {"message":
   "LFT_Proofs/PhysicalLogicFramework/QuantumEmergence/HilbertSpace.lean:91:0: This line exceeds the 100 character limit, please shorten it!\n\nNote: This linter can be disabled with `set_option linter.style.longLine false`",
   "level": "warning"},
  {"message":
   "LFT_Proofs/PhysicalLogicFramework/QuantumEmergence/HilbertSpace.lean:94:0: This line exceeds the 100 character limit, please shorten it!\n\nNote: This linter can be disabled with `set_option linter.style.longLine false`",
   "level": "warning"},
  {"message":
   "LFT_Proofs/PhysicalLogicFramework/QuantumEmergence/HilbertSpace.lean:133:0: This line exceeds the 100 character limit, please shorten it!\n\nNote: This linter can be disabled with `set_option linter.style.longLine false`",
   "level": "warning"},
  {"message":
   "LFT_Proofs/PhysicalLogicFramework/QuantumEmergence/HilbertSpace.lean:139:0: This line exceeds the 100 character limit, please shorten it!\n\nNote: This linter can be disabled with `set_option linter.style.longLine false`",
   "level": "warning"},
  {"message":
   "LFT_Proofs/PhysicalLogicFramework/QuantumEmergence/HilbertSpace.lean:155:0: This line exceeds the 100 character limit, please shorten it!\n\nNote: This linter can be disabled with `set_option linter.style.longLine false`",
   "level": "warning"},
  {"message":
   "LFT_Proofs/PhysicalLogicFramework/QuantumEmergence/HilbertSpace.lean:162:0: This line exceeds the 100 character limit, please shorten it!\n\nNote: This linter can be disabled with `set_option linter.style.longLine false`",
   "level": "warning"},
  {"message":
   "LFT_Proofs/PhysicalLogicFramework/QuantumEmergence/HilbertSpace.lean:164:0: This line exceeds the 100 character limit, please shorten it!\n\nNote: This linter can be disabled with `set_option linter.style.longLine false`",
   "level": "warning"},
  {"message":
   "LFT_Proofs/PhysicalLogicFramework/QuantumEmergence/HilbertSpace.lean:166:0: This line exceeds the 100 character limit, please shorten it!\n\nNote: This linter can be disabled with `set_option linter.style.longLine false`",
   "level": "warning"},
  {"message":
   "LFT_Proofs/PhysicalLogicFramework/QuantumEmergence/HilbertSpace.lean:169:0: This line exceeds the 100 character limit, please shorten it!\n\nNote: This linter can be disabled with `set_option linter.style.longLine false`",
   "level": "warning"},
  {"message":
   "LFT_Proofs/PhysicalLogicFramework/QuantumEmergence/HilbertSpace.lean:171:0: This line exceeds the 100 character limit, please shorten it!\n\nNote: This linter can be disabled with `set_option linter.style.longLine false`",
   "level": "warning"},
  {"message":
   "LFT_Proofs/PhysicalLogicFramework/QuantumEmergence/HilbertSpace.lean:173:0: This line exceeds the 100 character limit, please shorten it!\n\nNote: This linter can be disabled with `set_option linter.style.longLine false`",
   "level": "warning"},
  {"message":
   "LFT_Proofs/PhysicalLogicFramework/QuantumEmergence/HilbertSpace.lean:227:0: This line exceeds the 100 character limit, please shorten it!\n\nNote: This linter can be disabled with `set_option linter.style.longLine false`",
   "level": "warning"},
  {"message":
   "LFT_Proofs/PhysicalLogicFramework/QuantumEmergence/HilbertSpace.lean:232:0: This line exceeds the 100 character limit, please shorten it!\n\nNote: This linter can be disabled with `set_option linter.style.longLine false`",
   "level": "warning"},
  {"message":
   "LFT_Proofs/PhysicalLogicFramework/QuantumEmergence/HilbertSpace.lean:242:0: This line exceeds the 100 character limit, please shorten it!\n\nNote: This linter can be disabled with `set_option linter.style.longLine false`",
   "level": "warning"},
  {"message":
   "LFT_Proofs/PhysicalLogicFramework/QuantumEmergence/HilbertSpace.lean:244:0: This line exceeds the 100 character limit, please shorten it!\n\nNote: This linter can be disabled with `set_option linter.style.longLine false`",
   "level": "warning"},
  {"message":
   "LFT_Proofs/PhysicalLogicFramework/QuantumEmergence/HilbertSpace.lean:245:0: This line exceeds the 100 character limit, please shorten it!\n\nNote: This linter can be disabled with `set_option linter.style.longLine false`",
   "level": "warning"},
  {"message":
   "LFT_Proofs/PhysicalLogicFramework/QuantumEmergence/HilbertSpace.lean:273:0: This line exceeds the 100 character limit, please shorten it!\n\nNote: This linter can be disabled with `set_option linter.style.longLine false`",
   "level": "warning"},
  {"message":
   "LFT_Proofs/PhysicalLogicFramework/QuantumEmergence/HilbertSpace.lean:281:0: This line exceeds the 100 character limit, please shorten it!\n\nNote: This linter can be disabled with `set_option linter.style.longLine false`",
   "level": "warning"},
  {"message":
   "LFT_Proofs/PhysicalLogicFramework/QuantumEmergence/HilbertSpace.lean:295:0: This line exceeds the 100 character limit, please shorten it!\n\nNote: This linter can be disabled with `set_option linter.style.longLine false`",
   "level": "warning"},
  {"message":
   "LFT_Proofs/PhysicalLogicFramework/QuantumEmergence/HilbertSpace.lean:385:0: This line exceeds the 100 character limit, please shorten it!\n\nNote: This linter can be disabled with `set_option linter.style.longLine false`",
   "level": "warning"},
  {"message":
   "LFT_Proofs/PhysicalLogicFramework/QuantumEmergence/HilbertSpace.lean:422:0: This line exceeds the 100 character limit, please shorten it!\n\nNote: This linter can be disabled with `set_option linter.style.longLine false`",
   "level": "warning"}],
 "inputs":
 [["PhysicalLogicFramework.QuantumEmergence.HilbertSpace:deps",
   [["deps",
     [["PhysicalLogicFramework/PhysicalLogicFramework:extraDep",
       [["@PhysicalLogicFramework:extraDep", "1723"]]],
      ["imports",
       [["PhysicalLogicFramework.QuantumEmergence.BellInequality_Fixed transitive imports (legacy)",
         "1786219324172462946"],
        ["PhysicalLogicFramework.QuantumEmergence.BellInequality_Fixed:importAllArts",
         "15049192500843409432"],
        ["Mathlib.Analysis.InnerProductSpace.Basic transitive imports (legacy)",
         "4026462219530672127"],
        ["Mathlib.Analysis.InnerProductSpace.Basic:importAllArts",
         "10369887084568996410"],
        ["Mathlib.Topology.MetricSpace.Basic transitive imports (legacy)",
         "3037214835789123303"],
        ["Mathlib.Topology.MetricSpace.Basic:importAllArts",
         "8276330106916542633"],
        ["Mathlib.Order.CompleteLattice.Basic transitive imports (legacy)",
         "5202413402032129595"],
        ["Mathlib.Order.CompleteLattice.Basic:importAllArts",
         "14039146881406799225"],
        ["Mathlib.Data.Real.Basic transitive imports (legacy)",
         "6683729138978161823"],
        ["Mathlib.Data.Real.Basic:importAllArts", "11021404097330920743"],
        ["Mathlib.Data.Complex.Basic transitive imports (legacy)",
         "455465755962838820"],
        ["Mathlib.Data.Complex.Basic:importAllArts", "1374783825309922794"]]]]],
    ["libs",
     [["import dynlibs", "1723"],
      ["package external libraries", "1723"],
      ["module dynlibs", "1723"],
      ["module plugins", "1723"]]]]],
  ["Lean 4.23.0, commit ad1a017949674a947f0d6794cbf7130d642c6530",
   "2372534101328293747"],
  ["C:\\Users\\jdlon\\OneDrive\\Documents\\physical_logic_framework\\lean\\LFT_Proofs\\PhysicalLogicFramework\\QuantumEmergence\\HilbertSpace.lean",
   "10333569390483414646"],
  ["options",
   [["-DmaxSynthPendingDepth=3", "14379489197236848084"],
    ["-Dweak.linter.mathlibStandardSet=true", "9949955268809796418"],
    ["-DrelaxedAutoImplicit=false", "8404479228809428608"],
    ["-Dpp.unicode.fun=true", "11210593074386665387"],
    ["-DautoImplicit=false", "5369888039164004816"]]],
  ["Module.leanArgs: #[]", "1723"]],
 "depHash": "16043819441072035463"}