{"synthetic": false,
 "outputs":
 {"o": ["16555298438230433670"],
  "i": "9079281252713223124",
  "c": "9336164577124903494"},
 "log":
 [{"message":
   ".> LEAN_PATH=C:\\Users\\jdlon\\OneDrive\\Documents\\physical_logic_framework\\lean\\.lake\\packages\\Cli\\.lake\\build\\lib\\lean;C:\\Users\\jdlon\\OneDrive\\Documents\\physical_logic_framework\\lean\\.lake\\packages\\batteries\\.lake\\build\\lib\\lean;C:\\Users\\jdlon\\OneDrive\\Documents\\physical_logic_framework\\lean\\.lake\\packages\\Qq\\.lake\\build\\lib\\lean;C:\\Users\\jdlon\\OneDrive\\Documents\\physical_logic_framework\\lean\\.lake\\packages\\aesop\\.lake\\build\\lib\\lean;C:\\Users\\jdlon\\OneDrive\\Documents\\physical_logic_framework\\lean\\.lake\\packages\\proofwidgets\\.lake\\build\\lib\\lean;C:\\Users\\jdlon\\OneDrive\\Documents\\physical_logic_framework\\lean\\.lake\\packages\\importGraph\\.lake\\build\\lib\\lean;C:\\Users\\jdlon\\OneDrive\\Documents\\physical_logic_framework\\lean\\.lake\\packages\\LeanSearchClient\\.lake\\build\\lib\\lean;C:\\Users\\jdlon\\OneDrive\\Documents\\physical_logic_framework\\lean\\.lake\\packages\\plausible\\.lake\\build\\lib\\lean;C:\\Users\\jdlon\\OneDrive\\Documents\\physical_logic_framework\\lean\\.lake\\packages\\mathlib\\.lake\\build\\lib\\lean;C:\\Users\\jdlon\\OneDrive\\Documents\\physical_logic_framework\\lean\\.lake\\build\\lib\\lean c:\\Users\\jdlon\\.elan\\toolchains\\leanprover--lean4---v4.23.0-rc2\\bin\\lean.exe C:\\Users\\jdlon\\OneDrive\\Documents\\physical_logic_framework\\lean\\LFT_Proofs\\PhysicalLogicFramework\\QuantumEmergence\\QuantumCore.lean -o C:\\Users\\jdlon\\OneDrive\\Documents\\physical_logic_framework\\lean\\.lake\\build\\lib\\lean\\PhysicalLogicFramework\\QuantumEmergence\\QuantumCore.olean -i C:\\Users\\jdlon\\OneDrive\\Documents\\physical_logic_framework\\lean\\.lake\\build\\lib\\lean\\PhysicalLogicFramework\\QuantumEmergence\\QuantumCore.ilean -c C:\\Users\\jdlon\\OneDrive\\Documents\\physical_logic_framework\\lean\\.lake\\build\\ir\\PhysicalLogicFramework\\QuantumEmergence\\QuantumCore.c --setup C:\\Users\\jdlon\\OneDrive\\Documents\\physical_logic_framework\\lean\\.lake\\build\\ir\\PhysicalLogicFramework\\QuantumEmergence\\QuantumCore.setup.json --json",
   "level": "trace"}],
 "inputs":
 [["PhysicalLogicFramework.QuantumEmergence.QuantumCore:deps",
   [["deps",
     [["PhysicalLogicFramework/PhysicalLogicFramework:extraDep",
       [["@PhysicalLogicFramework:extraDep", "1723"]]],
      ["imports",
       [["PhysicalLogicFramework.LogicField.Operator transitive imports (legacy)",
         "875835273225343883"],
        ["PhysicalLogicFramework.LogicField.Operator:importAllArts",
         "14777476737763370969"],
        ["PhysicalLogicFramework.LogicField.ConstraintAccumulation transitive imports (legacy)",
         "3604196272842551554"],
        ["PhysicalLogicFramework.LogicField.ConstraintAccumulation:importAllArts",
         "12230643667995281209"],
        ["Mathlib.Logic.Basic transitive imports (legacy)",
         "16691750265257323728"],
        ["Mathlib.Logic.Basic:importAllArts", "2575427433627443436"]]]]],
    ["libs",
     [["import dynlibs", "1723"],
      ["package external libraries", "1723"],
      ["module dynlibs", "1723"],
      ["module plugins", "1723"]]]]],
  ["Lean 4.23.0, commit ad1a017949674a947f0d6794cbf7130d642c6530",
   "2372534101328293747"],
  ["C:\\Users\\jdlon\\OneDrive\\Documents\\physical_logic_framework\\lean\\LFT_Proofs\\PhysicalLogicFramework\\QuantumEmergence\\QuantumCore.lean",
   "12439097004644850777"],
  ["options",
   [["-DmaxSynthPendingDepth=3", "14379489197236848084"],
    ["-Dweak.linter.mathlibStandardSet=true", "9949955268809796418"],
    ["-DrelaxedAutoImplicit=false", "8404479228809428608"],
    ["-Dpp.unicode.fun=true", "11210593074386665387"],
    ["-DautoImplicit=false", "5369888039164004816"]]],
  ["Module.leanArgs: #[]", "1723"]],
 "depHash": "12884365443698165890"}