{"synthetic": false,
 "outputs":
 {"o": ["15437507724891987557"],
  "i": "1977748521366317393",
  "c": "8625357303983172946"},
 "log":
 [{"message":
   ".> LEAN_PATH=C:\\Users\\jdlon\\OneDrive\\Documents\\physical_logic_framework\\lean\\.lake\\packages\\Cli\\.lake\\build\\lib\\lean;C:\\Users\\jdlon\\OneDrive\\Documents\\physical_logic_framework\\lean\\.lake\\packages\\batteries\\.lake\\build\\lib\\lean;C:\\Users\\jdlon\\OneDrive\\Documents\\physical_logic_framework\\lean\\.lake\\packages\\Qq\\.lake\\build\\lib\\lean;C:\\Users\\jdlon\\OneDrive\\Documents\\physical_logic_framework\\lean\\.lake\\packages\\aesop\\.lake\\build\\lib\\lean;C:\\Users\\jdlon\\OneDrive\\Documents\\physical_logic_framework\\lean\\.lake\\packages\\proofwidgets\\.lake\\build\\lib\\lean;C:\\Users\\jdlon\\OneDrive\\Documents\\physical_logic_framework\\lean\\.lake\\packages\\importGraph\\.lake\\build\\lib\\lean;C:\\Users\\jdlon\\OneDrive\\Documents\\physical_logic_framework\\lean\\.lake\\packages\\LeanSearchClient\\.lake\\build\\lib\\lean;C:\\Users\\jdlon\\OneDrive\\Documents\\physical_logic_framework\\lean\\.lake\\packages\\plausible\\.lake\\build\\lib\\lean;C:\\Users\\jdlon\\OneDrive\\Documents\\physical_logic_framework\\lean\\.lake\\packages\\mathlib\\.lake\\build\\lib\\lean;C:\\Users\\jdlon\\OneDrive\\Documents\\physical_logic_framework\\lean\\.lake\\build\\lib\\lean c:\\Users\\jdlon\\.elan\\toolchains\\leanprover--lean4---v4.23.0-rc2\\bin\\lean.exe C:\\Users\\jdlon\\OneDrive\\Documents\\physical_logic_framework\\lean\\LFT_Proofs\\PhysicalLogicFramework\\FeasibilityRatio.lean -o C:\\Users\\jdlon\\OneDrive\\Documents\\physical_logic_framework\\lean\\.lake\\build\\lib\\lean\\PhysicalLogicFramework\\FeasibilityRatio.olean -i C:\\Users\\jdlon\\OneDrive\\Documents\\physical_logic_framework\\lean\\.lake\\build\\lib\\lean\\PhysicalLogicFramework\\FeasibilityRatio.ilean -c C:\\Users\\jdlon\\OneDrive\\Documents\\physical_logic_framework\\lean\\.lake\\build\\ir\\PhysicalLogicFramework\\FeasibilityRatio.c --setup C:\\Users\\jdlon\\OneDrive\\Documents\\physical_logic_framework\\lean\\.lake\\build\\ir\\PhysicalLogicFramework\\FeasibilityRatio.setup.json --json",
   "level": "trace"},
  {"message":
   "LFT_Proofs/PhysicalLogicFramework/FeasibilityRatio.lean:75:8: declaration uses 'sorry'",
   "level": "warning"},
  {"message":
   "LFT_Proofs/PhysicalLogicFramework/FeasibilityRatio.lean:86:8: declaration uses 'sorry'",
   "level": "warning"},
  {"message":
   "LFT_Proofs/PhysicalLogicFramework/FeasibilityRatio.lean:91:8: declaration uses 'sorry'",
   "level": "warning"},
  {"message":
   "LFT_Proofs/PhysicalLogicFramework/FeasibilityRatio.lean:147:8: declaration uses 'sorry'",
   "level": "warning"},
  {"message":
   "LFT_Proofs/PhysicalLogicFramework/FeasibilityRatio.lean:156:8: declaration uses 'sorry'",
   "level": "warning"},
  {"message":
   "LFT_Proofs/PhysicalLogicFramework/FeasibilityRatio.lean:204:8: declaration uses 'sorry'",
   "level": "warning"},
  {"message":
   "LFT_Proofs/PhysicalLogicFramework/FeasibilityRatio.lean:211:8: declaration uses 'sorry'",
   "level": "warning"},
  {"message":
   "LFT_Proofs/PhysicalLogicFramework/FeasibilityRatio.lean:217:8: declaration uses 'sorry'",
   "level": "warning"},
  {"message":
   "LFT_Proofs/PhysicalLogicFramework/FeasibilityRatio.lean:223:8: declaration uses 'sorry'",
   "level": "warning"},
  {"message":
   "LFT_Proofs/PhysicalLogicFramework/FeasibilityRatio.lean:229:8: declaration uses 'sorry'",
   "level": "warning"},
  {"message":
   "LFT_Proofs/PhysicalLogicFramework/FeasibilityRatio.lean:235:8: declaration uses 'sorry'",
   "level": "warning"},
  {"message":
   "LFT_Proofs/PhysicalLogicFramework/FeasibilityRatio.lean:245:8: declaration uses 'sorry'",
   "level": "warning"},
  {"message":
   "LFT_Proofs/PhysicalLogicFramework/FeasibilityRatio.lean:258:8: declaration uses 'sorry'",
   "level": "warning"},
  {"message":
   "LFT_Proofs/PhysicalLogicFramework/FeasibilityRatio.lean:268:8: declaration uses 'sorry'",
   "level": "warning"},
  {"message":
   "LFT_Proofs/PhysicalLogicFramework/FeasibilityRatio.lean:276:8: declaration uses 'sorry'",
   "level": "warning"},
  {"message":
   "LFT_Proofs/PhysicalLogicFramework/FeasibilityRatio.lean:288:8: declaration uses 'sorry'",
   "level": "warning"}],
 "inputs":
 [["PhysicalLogicFramework.FeasibilityRatio:deps",
   [["deps",
     [["PhysicalLogicFramework/PhysicalLogicFramework:extraDep",
       [["@PhysicalLogicFramework:extraDep", "1723"]]],
      ["imports",
       [["Mathlib.Data.Nat.Basic transitive imports (legacy)",
         "7519741189424283971"],
        ["Mathlib.Data.Nat.Basic:importAllArts", "13114398997916497644"],
        ["Mathlib.Data.Finset.Basic transitive imports (legacy)",
         "151047966202853520"],
        ["Mathlib.Data.Finset.Basic:importAllArts", "17804738471967238378"],
        ["Mathlib.Data.Fintype.Basic transitive imports (legacy)",
         "17052536862662052528"],
        ["Mathlib.Data.Fintype.Basic:importAllArts", "14917047478591113676"],
        ["Mathlib.Data.Fintype.Prod transitive imports (legacy)",
         "16244613705194231561"],
        ["Mathlib.Data.Fintype.Prod:importAllArts", "18281857130882889617"],
        ["Mathlib.GroupTheory.Perm.Basic transitive imports (legacy)",
         "12226357737604797152"],
        ["Mathlib.GroupTheory.Perm.Basic:importAllArts", "7553360269532976107"],
        ["Mathlib.Data.Fintype.Perm transitive imports (legacy)",
         "2915718351441231445"],
        ["Mathlib.Data.Fintype.Perm:importAllArts", "16096083110177973904"],
        ["Mathlib.Tactic.NormNum transitive imports (legacy)",
         "14279097455284237182"],
        ["Mathlib.Tactic.NormNum:importAllArts", "1448279801692467343"],
        ["Mathlib.GroupTheory.Perm.Cycle.Type transitive imports (legacy)",
         "5537451463524448944"],
        ["Mathlib.GroupTheory.Perm.Cycle.Type:importAllArts",
         "17796141985806339630"]]]]],
    ["libs",
     [["import dynlibs", "1723"],
      ["package external libraries", "1723"],
      ["module dynlibs", "1723"],
      ["module plugins", "1723"]]]]],
  ["Lean 4.23.0, commit ad1a017949674a947f0d6794cbf7130d642c6530",
   "2372534101328293747"],
  ["C:\\Users\\jdlon\\OneDrive\\Documents\\physical_logic_framework\\lean\\LFT_Proofs\\PhysicalLogicFramework\\FeasibilityRatio.lean",
   "15214666997559348869"],
  ["options",
   [["-DmaxSynthPendingDepth=3", "14379489197236848084"],
    ["-Dweak.linter.mathlibStandardSet=true", "9949955268809796418"],
    ["-DrelaxedAutoImplicit=false", "8404479228809428608"],
    ["-Dpp.unicode.fun=true", "11210593074386665387"],
    ["-DautoImplicit=false", "5369888039164004816"]]],
  ["Module.leanArgs: #[]", "1723"]],
 "depHash": "8062742524080697587"}