{"synthetic": false,
 "outputs":
 {"o": ["13124486526896071792"],
  "i": "6165564169475047649",
  "c": "5069385270360647600"},
 "log":
 [{"message":
   ".> LEAN_PATH=C:\\Users\\jdlon\\OneDrive\\Documents\\physical_logic_framework\\lean\\.lake\\packages\\Cli\\.lake\\build\\lib\\lean;C:\\Users\\jdlon\\OneDrive\\Documents\\physical_logic_framework\\lean\\.lake\\packages\\batteries\\.lake\\build\\lib\\lean;C:\\Users\\jdlon\\OneDrive\\Documents\\physical_logic_framework\\lean\\.lake\\packages\\Qq\\.lake\\build\\lib\\lean;C:\\Users\\jdlon\\OneDrive\\Documents\\physical_logic_framework\\lean\\.lake\\packages\\aesop\\.lake\\build\\lib\\lean;C:\\Users\\jdlon\\OneDrive\\Documents\\physical_logic_framework\\lean\\.lake\\packages\\proofwidgets\\.lake\\build\\lib\\lean;C:\\Users\\jdlon\\OneDrive\\Documents\\physical_logic_framework\\lean\\.lake\\packages\\importGraph\\.lake\\build\\lib\\lean;C:\\Users\\jdlon\\OneDrive\\Documents\\physical_logic_framework\\lean\\.lake\\packages\\LeanSearchClient\\.lake\\build\\lib\\lean;C:\\Users\\jdlon\\OneDrive\\Documents\\physical_logic_framework\\lean\\.lake\\packages\\plausible\\.lake\\build\\lib\\lean;C:\\Users\\jdlon\\OneDrive\\Documents\\physical_logic_framework\\lean\\.lake\\packages\\mathlib\\.lake\\build\\lib\\lean;C:\\Users\\jdlon\\OneDrive\\Documents\\physical_logic_framework\\lean\\.lake\\build\\lib\\lean c:\\Users\\jdlon\\.elan\\toolchains\\leanprover--lean4---v4.23.0-rc2\\bin\\lean.exe C:\\Users\\jdlon\\OneDrive\\Documents\\physical_logic_framework\\lean\\LFT_Proofs\\PhysicalLogicFramework\\PermutationGeometry.lean -o C:\\Users\\jdlon\\OneDrive\\Documents\\physical_logic_framework\\lean\\.lake\\build\\lib\\lean\\PhysicalLogicFramework\\PermutationGeometry.olean -i C:\\Users\\jdlon\\OneDrive\\Documents\\physical_logic_framework\\lean\\.lake\\build\\lib\\lean\\PhysicalLogicFramework\\PermutationGeometry.ilean -c C:\\Users\\jdlon\\OneDrive\\Documents\\physical_logic_framework\\lean\\.lake\\build\\ir\\PhysicalLogicFramework\\PermutationGeometry.c --setup C:\\Users\\jdlon\\OneDrive\\Documents\\physical_logic_framework\\lean\\.lake\\build\\ir\\PhysicalLogicFramework\\PermutationGeometry.setup.json --json",
   "level": "trace"}],
 "inputs":
 [["PhysicalLogicFramework.PermutationGeometry:deps",
   [["deps",
     [["PhysicalLogicFramework/PhysicalLogicFramework:extraDep",
       [["@PhysicalLogicFramework:extraDep", "1723"]]],
      ["imports",
       [["PhysicalLogicFramework.FeasibilityRatio transitive imports (legacy)",
         "3148887449425560332"],
        ["PhysicalLogicFramework.FeasibilityRatio:importAllArts",
         "4308341854604703386"],
        ["Mathlib.GroupTheory.Perm.Basic transitive imports (legacy)",
         "12226357737604797152"],
        ["Mathlib.GroupTheory.Perm.Basic:importAllArts", "7553360269532976107"],
        ["Mathlib.Data.Fintype.Perm transitive imports (legacy)",
         "2915718351441231445"],
        ["Mathlib.Data.Fintype.Perm:importAllArts", "16096083110177973904"]]]]],
    ["libs",
     [["import dynlibs", "1723"],
      ["package external libraries", "1723"],
      ["module dynlibs", "1723"],
      ["module plugins", "1723"]]]]],
  ["Lean 4.23.0, commit ad1a017949674a947f0d6794cbf7130d642c6530",
   "2372534101328293747"],
  ["C:\\Users\\jdlon\\OneDrive\\Documents\\physical_logic_framework\\lean\\LFT_Proofs\\PhysicalLogicFramework\\PermutationGeometry.lean",
   "17252091397555154122"],
  ["options",
   [["-DmaxSynthPendingDepth=3", "14379489197236848084"],
    ["-Dweak.linter.mathlibStandardSet=true", "9949955268809796418"],
    ["-DrelaxedAutoImplicit=false", "8404479228809428608"],
    ["-Dpp.unicode.fun=true", "11210593074386665387"],
    ["-DautoImplicit=false", "5369888039164004816"]]],
  ["Module.leanArgs: #[]", "1723"]],
 "depHash": "14793782222050708237"}