{"synthetic": false,
 "outputs":
 {"o": ["1626649027745707690"],
  "i": "7841210996418708330",
  "c": "5438582955927603844"},
 "log":
 [{"message":
   ".> LEAN_PATH=C:\\Users\\jdlon\\OneDrive\\Documents\\physical_logic_framework\\lean\\.lake\\packages\\Cli\\.lake\\build\\lib\\lean;C:\\Users\\jdlon\\OneDrive\\Documents\\physical_logic_framework\\lean\\.lake\\packages\\batteries\\.lake\\build\\lib\\lean;C:\\Users\\jdlon\\OneDrive\\Documents\\physical_logic_framework\\lean\\.lake\\packages\\Qq\\.lake\\build\\lib\\lean;C:\\Users\\jdlon\\OneDrive\\Documents\\physical_logic_framework\\lean\\.lake\\packages\\aesop\\.lake\\build\\lib\\lean;C:\\Users\\jdlon\\OneDrive\\Documents\\physical_logic_framework\\lean\\.lake\\packages\\proofwidgets\\.lake\\build\\lib\\lean;C:\\Users\\jdlon\\OneDrive\\Documents\\physical_logic_framework\\lean\\.lake\\packages\\importGraph\\.lake\\build\\lib\\lean;C:\\Users\\jdlon\\OneDrive\\Documents\\physical_logic_framework\\lean\\.lake\\packages\\LeanSearchClient\\.lake\\build\\lib\\lean;C:\\Users\\jdlon\\OneDrive\\Documents\\physical_logic_framework\\lean\\.lake\\packages\\plausible\\.lake\\build\\lib\\lean;C:\\Users\\jdlon\\OneDrive\\Documents\\physical_logic_framework\\lean\\.lake\\packages\\mathlib\\.lake\\build\\lib\\lean;C:\\Users\\jdlon\\OneDrive\\Documents\\physical_logic_framework\\lean\\.lake\\build\\lib\\lean c:\\Users\\jdlon\\.elan\\toolchains\\leanprover--lean4---v4.23.0-rc2\\bin\\lean.exe C:\\Users\\jdlon\\OneDrive\\Documents\\physical_logic_framework\\lean\\LFT_Proofs\\PhysicalLogicFramework\\Foundations\\InformationSpace.lean -o C:\\Users\\jdlon\\OneDrive\\Documents\\physical_logic_framework\\lean\\.lake\\build\\lib\\lean\\PhysicalLogicFramework\\Foundations\\InformationSpace.olean -i C:\\Users\\jdlon\\OneDrive\\Documents\\physical_logic_framework\\lean\\.lake\\build\\lib\\lean\\PhysicalLogicFramework\\Foundations\\InformationSpace.ilean -c C:\\Users\\jdlon\\OneDrive\\Documents\\physical_logic_framework\\lean\\.lake\\build\\ir\\PhysicalLogicFramework\\Foundations\\InformationSpace.c --setup C:\\Users\\jdlon\\OneDrive\\Documents\\physical_logic_framework\\lean\\.lake\\build\\ir\\PhysicalLogicFramework\\Foundations\\InformationSpace.setup.json --json",
   "level": "trace"},
  {"message":
   "LFT_Proofs/PhysicalLogicFramework/Foundations/InformationSpace.lean:174:8: declaration uses 'sorry'",
   "level": "warning"},
  {"message":
   "LFT_Proofs/PhysicalLogicFramework/Foundations/InformationSpace.lean:263:8: declaration uses 'sorry'",
   "level": "warning"},
  {"message":
   "LFT_Proofs/PhysicalLogicFramework/Foundations/InformationSpace.lean:274:8: declaration uses 'sorry'",
   "level": "warning"},
  {"message":
   "LFT_Proofs/PhysicalLogicFramework/Foundations/InformationSpace.lean:344:8: declaration uses 'sorry'",
   "level": "warning"}],
 "inputs":
 [["PhysicalLogicFramework.Foundations.InformationSpace:deps",
   [["deps",
     [["PhysicalLogicFramework/PhysicalLogicFramework:extraDep",
       [["@PhysicalLogicFramework:extraDep", "1723"]]],
      ["imports",
       [["PhysicalLogicFramework.Foundations.ThreeFundamentalLaws transitive imports (legacy)",
         "563852324999231069"],
        ["PhysicalLogicFramework.Foundations.ThreeFundamentalLaws:importAllArts",
         "2609154114742361977"],
        ["Mathlib.Data.Set.Countable transitive imports (legacy)",
         "4518643190192191451"],
        ["Mathlib.Data.Set.Countable:importAllArts", "17672837660168500707"],
        ["Mathlib.Data.Fintype.Basic transitive imports (legacy)",
         "17052536862662052528"],
        ["Mathlib.Data.Fintype.Basic:importAllArts", "14917047478591113676"],
        ["Mathlib.Logic.Function.Basic transitive imports (legacy)",
         "10799500412122552114"],
        ["Mathlib.Logic.Function.Basic:importAllArts", "14720166764688456040"],
        ["Mathlib.SetTheory.Cardinal.Basic transitive imports (legacy)",
         "6650213650014221616"],
        ["Mathlib.SetTheory.Cardinal.Basic:importAllArts",
         "4809294157985958864"]]]]],
    ["libs",
     [["import dynlibs", "1723"],
      ["package external libraries", "1723"],
      ["module dynlibs", "1723"],
      ["module plugins", "1723"]]]]],
  ["Lean 4.23.0, commit ad1a017949674a947f0d6794cbf7130d642c6530",
   "2372534101328293747"],
  ["C:\\Users\\jdlon\\OneDrive\\Documents\\physical_logic_framework\\lean\\LFT_Proofs\\PhysicalLogicFramework\\Foundations\\InformationSpace.lean",
   "5297844909460009934"],
  ["options",
   [["-DmaxSynthPendingDepth=3", "14379489197236848084"],
    ["-Dweak.linter.mathlibStandardSet=true", "9949955268809796418"],
    ["-DrelaxedAutoImplicit=false", "8404479228809428608"],
    ["-Dpp.unicode.fun=true", "11210593074386665387"],
    ["-DautoImplicit=false", "5369888039164004816"]]],
  ["Module.leanArgs: #[]", "1723"]],
 "depHash": "1914527265883185473"}