{"synthetic": false,
 "outputs":
 {"o": ["18228989401787019232"],
  "i": "6090314073572247264",
  "c": "17122841448713637661"},
 "log":
 [{"message":
   ".> LEAN_PATH=C:\\Users\\jdlon\\OneDrive\\Documents\\physical_logic_framework\\lean\\.lake\\packages\\Cli\\.lake\\build\\lib\\lean;C:\\Users\\jdlon\\OneDrive\\Documents\\physical_logic_framework\\lean\\.lake\\packages\\batteries\\.lake\\build\\lib\\lean;C:\\Users\\jdlon\\OneDrive\\Documents\\physical_logic_framework\\lean\\.lake\\packages\\Qq\\.lake\\build\\lib\\lean;C:\\Users\\jdlon\\OneDrive\\Documents\\physical_logic_framework\\lean\\.lake\\packages\\aesop\\.lake\\build\\lib\\lean;C:\\Users\\jdlon\\OneDrive\\Documents\\physical_logic_framework\\lean\\.lake\\packages\\proofwidgets\\.lake\\build\\lib\\lean;C:\\Users\\jdlon\\OneDrive\\Documents\\physical_logic_framework\\lean\\.lake\\packages\\importGraph\\.lake\\build\\lib\\lean;C:\\Users\\jdlon\\OneDrive\\Documents\\physical_logic_framework\\lean\\.lake\\packages\\LeanSearchClient\\.lake\\build\\lib\\lean;C:\\Users\\jdlon\\OneDrive\\Documents\\physical_logic_framework\\lean\\.lake\\packages\\plausible\\.lake\\build\\lib\\lean;C:\\Users\\jdlon\\OneDrive\\Documents\\physical_logic_framework\\lean\\.lake\\packages\\mathlib\\.lake\\build\\lib\\lean;C:\\Users\\jdlon\\OneDrive\\Documents\\physical_logic_framework\\lean\\.lake\\build\\lib\\lean c:\\Users\\jdlon\\.elan\\toolchains\\leanprover--lean4---v4.23.0-rc2\\bin\\lean.exe C:\\Users\\jdlon\\OneDrive\\Documents\\physical_logic_framework\\lean\\LFT_Proofs\\PhysicalLogicFramework\\LogicField\\Operator.lean -o C:\\Users\\jdlon\\OneDrive\\Documents\\physical_logic_framework\\lean\\.lake\\build\\lib\\lean\\PhysicalLogicFramework\\LogicField\\Operator.olean -i C:\\Users\\jdlon\\OneDrive\\Documents\\physical_logic_framework\\lean\\.lake\\build\\lib\\lean\\PhysicalLogicFramework\\LogicField\\Operator.ilean -c C:\\Users\\jdlon\\OneDrive\\Documents\\physical_logic_framework\\lean\\.lake\\build\\ir\\PhysicalLogicFramework\\LogicField\\Operator.c --setup C:\\Users\\jdlon\\OneDrive\\Documents\\physical_logic_framework\\lean\\.lake\\build\\ir\\PhysicalLogicFramework\\LogicField\\Operator.setup.json --json",
   "level": "trace"},
  {"message":
   "LFT_Proofs/PhysicalLogicFramework/LogicField/Operator.lean:165:8: declaration uses 'sorry'",
   "level": "warning"},
  {"message":
   "LFT_Proofs/PhysicalLogicFramework/LogicField/Operator.lean:204:8: declaration uses 'sorry'",
   "level": "warning"},
  {"message":
   "LFT_Proofs/PhysicalLogicFramework/LogicField/Operator.lean:219:8: declaration uses 'sorry'",
   "level": "warning"},
  {"message":
   "LFT_Proofs/PhysicalLogicFramework/LogicField/Operator.lean:255:8: declaration uses 'sorry'",
   "level": "warning"},
  {"message":
   "LFT_Proofs/PhysicalLogicFramework/LogicField/Operator.lean:276:8: declaration uses 'sorry'",
   "level": "warning"}],
 "inputs":
 [["PhysicalLogicFramework.LogicField.Operator:deps",
   [["deps",
     [["PhysicalLogicFramework/PhysicalLogicFramework:extraDep",
       [["@PhysicalLogicFramework:extraDep", "1723"]]],
      ["imports",
       [["PhysicalLogicFramework.Foundations.ThreeFundamentalLaws transitive imports (legacy)",
         "563852324999231069"],
        ["PhysicalLogicFramework.Foundations.ThreeFundamentalLaws:importAllArts",
         "2609154114742361977"],
        ["PhysicalLogicFramework.Foundations.InformationSpace transitive imports (legacy)",
         "10597744576576296984"],
        ["PhysicalLogicFramework.Foundations.InformationSpace:importAllArts",
         "6404893676255717122"],
        ["Mathlib.Data.Set.Basic transitive imports (legacy)",
         "15405079330372128603"],
        ["Mathlib.Data.Set.Basic:importAllArts", "17589818717043669713"],
        ["Mathlib.Logic.Function.Basic transitive imports (legacy)",
         "10799500412122552114"],
        ["Mathlib.Logic.Function.Basic:importAllArts", "14720166764688456040"],
        ["Mathlib.Algebra.Group.Basic transitive imports (legacy)",
         "16635158668569051557"],
        ["Mathlib.Algebra.Group.Basic:importAllArts",
         "7961115925920299580"]]]]],
    ["libs",
     [["import dynlibs", "1723"],
      ["package external libraries", "1723"],
      ["module dynlibs", "1723"],
      ["module plugins", "1723"]]]]],
  ["Lean 4.23.0, commit ad1a017949674a947f0d6794cbf7130d642c6530",
   "2372534101328293747"],
  ["C:\\Users\\jdlon\\OneDrive\\Documents\\physical_logic_framework\\lean\\LFT_Proofs\\PhysicalLogicFramework\\LogicField\\Operator.lean",
   "6866336706217795120"],
  ["options",
   [["-DmaxSynthPendingDepth=3", "14379489197236848084"],
    ["-Dweak.linter.mathlibStandardSet=true", "9949955268809796418"],
    ["-DrelaxedAutoImplicit=false", "8404479228809428608"],
    ["-Dpp.unicode.fun=true", "11210593074386665387"],
    ["-DautoImplicit=false", "5369888039164004816"]]],
  ["Module.leanArgs: #[]", "1723"]],
 "depHash": "12360220802974445102"}